Started GET "/" for 127.0.0.1 at 2019-01-08 09:18:52 -0700
Processing by ApplicationController#index as HTML
  Rendering application/index.html.slim within layouts/application
  Rendered application/index.html.slim within layouts/application (22.9ms)
Completed 200 OK in 461ms (Views: 451.1ms | ActiveRecord: 0.0ms)


Started GET "/" for 127.0.0.1 at 2019-01-08 09:21:31 -0700
Processing by ApplicationController#index as HTML
  Rendering application/index.html.slim within layouts/application
  Rendered application/index.html.slim within layouts/application (3.2ms)
Completed 200 OK in 71ms (Views: 66.2ms | ActiveRecord: 0.0ms)


Started GET "/" for 127.0.0.1 at 2019-01-08 09:21:33 -0700
Processing by ApplicationController#index as HTML
  Rendering application/index.html.slim within layouts/application
  Rendered application/index.html.slim within layouts/application (3.9ms)
Completed 200 OK in 28ms (Views: 25.5ms | ActiveRecord: 0.0ms)


Started GET "/" for 127.0.0.1 at 2019-01-08 09:21:34 -0700
Processing by ApplicationController#index as HTML
  Rendering application/index.html.slim within layouts/application
  Rendered application/index.html.slim within layouts/application (3.2ms)
Completed 200 OK in 28ms (Views: 23.1ms | ActiveRecord: 0.0ms)


Started GET "/" for 127.0.0.1 at 2019-01-08 09:21:35 -0700
Processing by ApplicationController#index as HTML
  Rendering application/index.html.slim within layouts/application
  Rendered application/index.html.slim within layouts/application (3.5ms)
Completed 200 OK in 31ms (Views: 27.5ms | ActiveRecord: 0.0ms)


Started GET "/" for 127.0.0.1 at 2019-01-08 09:22:05 -0700
Processing by ApplicationController#index as HTML
  Rendering application/index.html.slim within layouts/application
  Rendered application/index.html.slim within layouts/application (4.7ms)
Completed 200 OK in 87ms (Views: 81.5ms | ActiveRecord: 0.0ms)


Started GET "/" for 127.0.0.1 at 2019-01-08 09:22:38 -0700
Processing by ApplicationController#index as HTML
  Rendering application/index.html.slim within layouts/application
  Rendered application/index.html.slim within layouts/application (2.6ms)
Completed 200 OK in 74ms (Views: 67.6ms | ActiveRecord: 0.0ms)


Started GET "/" for 127.0.0.1 at 2019-01-08 09:23:09 -0700
Processing by ApplicationController#index as HTML
  Rendering application/index.html.slim within layouts/application
  Rendered application/index.html.slim within layouts/application (2.9ms)
Completed 200 OK in 79ms (Views: 75.1ms | ActiveRecord: 0.0ms)


Started GET "/" for 127.0.0.1 at 2019-01-08 09:24:41 -0700
Processing by ApplicationController#index as HTML
  Rendering application/index.html.slim within layouts/application
  Rendered application/index.html.slim within layouts/application (9.4ms)
Completed 200 OK in 97ms (Views: 91.9ms | ActiveRecord: 0.0ms)


Started GET "/" for 127.0.0.1 at 2019-01-08 09:25:23 -0700
Processing by ApplicationController#index as HTML
  Rendering application/index.html.slim within layouts/application
  Rendered application/index.html.slim within layouts/application (2.8ms)
Completed 200 OK in 93ms (Views: 88.8ms | ActiveRecord: 0.0ms)


Started GET "/" for 127.0.0.1 at 2019-01-08 09:25:54 -0700
Processing by ApplicationController#index as HTML
  Rendering application/index.html.slim within layouts/application
  Rendered application/index.html.slim within layouts/application (6.1ms)
Completed 200 OK in 94ms (Views: 90.0ms | ActiveRecord: 0.0ms)


Started GET "/" for 127.0.0.1 at 2019-01-08 09:25:55 -0700
Processing by ApplicationController#index as HTML
  Rendering application/index.html.slim within layouts/application
  Rendered application/index.html.slim within layouts/application (3.9ms)
Completed 200 OK in 45ms (Views: 39.2ms | ActiveRecord: 0.0ms)


Started GET "/" for 127.0.0.1 at 2019-01-08 09:49:20 -0700
Processing by ApplicationController#index as HTML
  Rendering application/index.html.slim within layouts/application
  Rendered application/index.html.slim within layouts/application (4.0ms)
Completed 200 OK in 61ms (Views: 57.3ms | ActiveRecord: 0.0ms)


Started GET "/" for 127.0.0.1 at 2019-01-08 09:49:43 -0700
Processing by ApplicationController#index as HTML
  Rendering application/index.html.slim within layouts/application
  Rendered application/index.html.slim within layouts/application (4.5ms)
Completed 200 OK in 101ms (Views: 95.3ms | ActiveRecord: 0.0ms)


Started GET "/" for 127.0.0.1 at 2019-01-08 09:49:46 -0700
Processing by ApplicationController#index as HTML
  Rendering application/index.html.slim within layouts/application
  Rendered application/index.html.slim within layouts/application (3.4ms)
Completed 200 OK in 33ms (Views: 29.4ms | ActiveRecord: 0.0ms)


Started GET "/" for 127.0.0.1 at 2019-01-08 09:49:53 -0700
Processing by ApplicationController#index as HTML
  Rendering application/index.html.slim within layouts/application
  Rendered application/index.html.slim within layouts/application (4.5ms)
Completed 200 OK in 40ms (Views: 36.0ms | ActiveRecord: 0.0ms)


Started GET "/" for 127.0.0.1 at 2019-01-08 09:50:01 -0700
Processing by ApplicationController#index as HTML
  Rendering application/index.html.slim within layouts/application
  Rendered application/index.html.slim within layouts/application (6.6ms)
Completed 200 OK in 56ms (Views: 51.4ms | ActiveRecord: 0.0ms)


Started GET "/" for 127.0.0.1 at 2019-01-08 09:50:06 -0700
Processing by ApplicationController#index as HTML
  Rendering application/index.html.slim within layouts/application
  Rendered application/index.html.slim within layouts/application (5.7ms)
Completed 200 OK in 44ms (Views: 39.2ms | ActiveRecord: 0.0ms)


Started GET "/" for 127.0.0.1 at 2019-01-08 09:50:33 -0700
Processing by ApplicationController#index as HTML
  Rendering application/index.html.slim within layouts/application
  Rendered application/index.html.slim within layouts/application (3.6ms)
Completed 200 OK in 82ms (Views: 78.2ms | ActiveRecord: 0.0ms)


Started GET "/" for 127.0.0.1 at 2019-01-08 09:51:51 -0700
Processing by ApplicationController#index as HTML
  Rendering application/index.html.slim within layouts/application
  Rendered application/index.html.slim within layouts/application (5.1ms)
Completed 200 OK in 101ms (Views: 95.7ms | ActiveRecord: 0.0ms)


Started GET "/" for 127.0.0.1 at 2019-01-08 09:54:44 -0700
Processing by ApplicationController#index as HTML
  Rendering application/index.html.slim within layouts/application
  Rendered application/index.html.slim within layouts/application (3.9ms)
Completed 200 OK in 85ms (Views: 81.4ms | ActiveRecord: 0.0ms)


Started GET "/" for 127.0.0.1 at 2019-01-08 09:55:18 -0700
Processing by ApplicationController#index as HTML
  Rendering application/index.html.slim within layouts/application
  Rendered application/index.html.slim within layouts/application (4.2ms)
Completed 200 OK in 76ms (Views: 72.1ms | ActiveRecord: 0.0ms)


Started GET "/" for 127.0.0.1 at 2019-01-08 09:56:08 -0700
Processing by ApplicationController#index as HTML
  Rendering application/index.html.slim within layouts/application
  Rendered application/index.html.slim within layouts/application (4.1ms)
Completed 200 OK in 36ms (Views: 30.5ms | ActiveRecord: 0.0ms)


Started GET "/" for 127.0.0.1 at 2019-01-08 09:56:48 -0700
Processing by ApplicationController#index as HTML
  Rendering application/index.html.slim within layouts/application
  Rendered application/index.html.slim within layouts/application (4.6ms)
Completed 200 OK in 79ms (Views: 75.0ms | ActiveRecord: 0.0ms)


Started GET "/" for 127.0.0.1 at 2019-01-08 09:56:50 -0700
Processing by ApplicationController#index as HTML
  Rendering application/index.html.slim within layouts/application
  Rendered application/index.html.slim within layouts/application (4.9ms)
Completed 200 OK in 31ms (Views: 27.6ms | ActiveRecord: 0.0ms)


Started GET "/" for 127.0.0.1 at 2019-01-08 10:01:09 -0700
Processing by ApplicationController#index as HTML
  Rendering application/index.html.slim within layouts/application
  Rendered application/index.html.slim within layouts/application (11.0ms)
Completed 200 OK in 102ms (Views: 92.8ms | ActiveRecord: 0.0ms)


Started GET "/" for 127.0.0.1 at 2019-01-08 10:01:47 -0700
Processing by ApplicationController#index as HTML
  Rendering application/index.html.slim within layouts/application
  Rendered application/index.html.slim within layouts/application (5.5ms)
Completed 200 OK in 52ms (Views: 48.1ms | ActiveRecord: 0.0ms)


Started GET "/" for 127.0.0.1 at 2019-01-08 10:01:53 -0700
Processing by ApplicationController#index as HTML
  Rendering application/index.html.slim within layouts/application
  Rendered application/index.html.slim within layouts/application (4.4ms)
Completed 200 OK in 53ms (Views: 46.5ms | ActiveRecord: 0.0ms)


Started GET "/" for 127.0.0.1 at 2019-01-08 10:01:59 -0700
Processing by ApplicationController#index as HTML
  Rendering application/index.html.slim within layouts/application
  Rendered application/index.html.slim within layouts/application (5.4ms)
Completed 200 OK in 44ms (Views: 39.3ms | ActiveRecord: 0.0ms)


Started GET "/" for 127.0.0.1 at 2019-01-08 10:02:04 -0700
Processing by ApplicationController#index as HTML
  Rendering application/index.html.slim within layouts/application
  Rendered application/index.html.slim within layouts/application (13.6ms)
Completed 200 OK in 79ms (Views: 72.2ms | ActiveRecord: 0.0ms)


Started GET "/" for 127.0.0.1 at 2019-01-08 10:51:49 -0700
Processing by ApplicationController#index as HTML
  Rendering application/index.html.slim within layouts/application
  Rendered application/index.html.slim within layouts/application (19.8ms)
Completed 200 OK in 113ms (Views: 100.4ms | ActiveRecord: 0.0ms)


Started GET "/" for 127.0.0.1 at 2019-01-08 10:52:01 -0700
Processing by ApplicationController#index as HTML
  Rendering application/index.html.slim within layouts/application
  Rendered application/index.html.slim within layouts/application (10.9ms)
Completed 200 OK in 65ms (Views: 61.0ms | ActiveRecord: 0.0ms)


Started GET "/" for 127.0.0.1 at 2019-01-08 10:52:03 -0700
Processing by ApplicationController#index as HTML
  Rendering application/index.html.slim within layouts/application
  Rendered application/index.html.slim within layouts/application (7.6ms)
Completed 200 OK in 56ms (Views: 51.6ms | ActiveRecord: 0.0ms)


